<?xml version="1.0" encoding="UTF-8"?>
<testsuites name="jest tests" tests="794" failures="0" errors="0" time="10.435">
  <testsuite name="fetchRecipe" errors="0" failures="0" skipped="0" timestamp="2026-05-16T18:27:01" time="1.504" tests="34">
    <testcase classname="fetchRecipe calls GET /api/recipes/:id/" name="fetchRecipe calls GET /api/recipes/:id/" time="0.003">
    </testcase>
    <testcase classname="fetchRecipe propagates API errors to the caller" name="fetchRecipe propagates API errors to the caller" time="0.017">
    </testcase>
    <testcase classname="createRecipe calls POST /api/recipes/ with FormData" name="createRecipe calls POST /api/recipes/ with FormData" time="0">
    </testcase>
    <testcase classname="createRecipe propagates API errors to the caller" name="createRecipe propagates API errors to the caller" time="0.001">
    </testcase>
    <testcase classname="updateRecipe calls PATCH /api/recipes/:id/ with FormData" name="updateRecipe calls PATCH /api/recipes/:id/ with FormData" time="0">
    </testcase>
    <testcase classname="deleteRecipe calls DELETE /api/recipes/:id/" name="deleteRecipe calls DELETE /api/recipes/:id/" time="0">
    </testcase>
    <testcase classname="deleteRecipe propagates API errors to the caller" name="deleteRecipe propagates API errors to the caller" time="0">
    </testcase>
    <testcase classname="fetchIngredients calls GET /api/ingredients/" name="fetchIngredients calls GET /api/ingredients/" time="0">
    </testcase>
    <testcase classname="fetchUnits calls GET /api/units/" name="fetchUnits calls GET /api/units/" time="0">
    </testcase>
    <testcase classname="submitIngredient calls POST /api/ingredients/ with name" name="submitIngredient calls POST /api/ingredients/ with name" time="0">
    </testcase>
    <testcase classname="submitIngredient propagates API errors to the caller" name="submitIngredient propagates API errors to the caller" time="0.001">
    </testcase>
    <testcase classname="submitUnit calls POST /api/units/ with name" name="submitUnit calls POST /api/units/ with name" time="0">
    </testcase>
    <testcase classname="fetchRecipes calls GET /api/recipes/ and returns data" name="fetchRecipes calls GET /api/recipes/ and returns data" time="0.004">
    </testcase>
    <testcase classname="fetchIngredients — promise cache calls GET /api/ingredients/ only once on repeated calls" name="fetchIngredients — promise cache calls GET /api/ingredients/ only once on repeated calls" time="0.001">
    </testcase>
    <testcase classname="fetchIngredients — promise cache returns the same data on repeated calls" name="fetchIngredients — promise cache returns the same data on repeated calls" time="0.001">
    </testcase>
    <testcase classname="fetchIngredients — promise cache fires only one request when called concurrently" name="fetchIngredients — promise cache fires only one request when called concurrently" time="0">
    </testcase>
    <testcase classname="fetchIngredients — promise cache retries after a fetch error" name="fetchIngredients — promise cache retries after a fetch error" time="0.014">
    </testcase>
    <testcase classname="fetchUnits — promise cache calls GET /api/units/ only once on repeated calls" name="fetchUnits — promise cache calls GET /api/units/ only once on repeated calls" time="0.001">
    </testcase>
    <testcase classname="fetchUnits — promise cache returns the same data on repeated calls" name="fetchUnits — promise cache returns the same data on repeated calls" time="0">
    </testcase>
    <testcase classname="fetchUnits — promise cache fires only one request when called concurrently" name="fetchUnits — promise cache fires only one request when called concurrently" time="0.001">
    </testcase>
    <testcase classname="fetchUnits — promise cache retries after a fetch error" name="fetchUnits — promise cache retries after a fetch error" time="0.003">
    </testcase>
    <testcase classname="rateRecipe POSTs /api/recipes/:id/rate/ with { score } and returns the summary" name="rateRecipe POSTs /api/recipes/:id/rate/ with { score } and returns the summary" time="0.001">
    </testcase>
    <testcase classname="rateRecipe propagates API errors" name="rateRecipe propagates API errors" time="0.002">
    </testcase>
    <testcase classname="unrateRecipe DELETEs /api/recipes/:id/rate/ and returns the summary" name="unrateRecipe DELETEs /api/recipes/:id/rate/ and returns the summary" time="0.001">
    </testcase>
    <testcase classname="toggleBookmark POSTs /api/recipes/:id/bookmark/ and returns the toggle result" name="toggleBookmark POSTs /api/recipes/:id/bookmark/ and returns the toggle result" time="0">
    </testcase>
    <testcase classname="toggleBookmark propagates API errors" name="toggleBookmark propagates API errors" time="0">
    </testcase>
    <testcase classname="fetchMyRecipes GETs /api/recipes/?author=&lt;id&gt; and returns the list" name="fetchMyRecipes GETs /api/recipes/?author=&lt;id&gt; and returns the list" time="0">
    </testcase>
    <testcase classname="fetchMyRecipes unwraps paginated DRF responses" name="fetchMyRecipes unwraps paginated DRF responses" time="0">
    </testcase>
    <testcase classname="fetchMyBookmarks GETs /api/recipes/?bookmarked=true and returns the list" name="fetchMyBookmarks GETs /api/recipes/?bookmarked=true and returns the list" time="0">
    </testcase>
    <testcase classname="fetchMyBookmarks unwraps paginated DRF responses" name="fetchMyBookmarks unwraps paginated DRF responses" time="0.001">
    </testcase>
    <testcase classname="fetchRecipesByRegion GETs /api/recipes/?region=&lt;name&gt;&amp;page_size=100 and returns the list" name="fetchRecipesByRegion GETs /api/recipes/?region=&lt;name&gt;&amp;page_size=100 and returns the list" time="0">
    </testcase>
    <testcase classname="fetchRecipesByRegion unwraps paginated DRF responses" name="fetchRecipesByRegion unwraps paginated DRF responses" time="0">
    </testcase>
    <testcase classname="fetchFeaturedRecipes returns the first &lt;limit&gt; recipes from the list endpoint" name="fetchFeaturedRecipes returns the first &lt;limit&gt; recipes from the list endpoint" time="0">
    </testcase>
    <testcase classname="fetchFeaturedRecipes defaults limit to 6 when not provided" name="fetchFeaturedRecipes defaults limit to 6 when not provided" time="0">
    </testcase>
  </testsuite>
  <testsuite name="AuthContext" errors="0" failures="0" skipped="0" timestamp="2026-05-16T18:27:01" time="4.856" tests="17">
    <testcase classname="AuthContext provides null user and token by default" name="AuthContext provides null user and token by default" time="0.023">
    </testcase>
    <testcase classname="AuthContext login() sets user and token" name="AuthContext login() sets user and token" time="0.023">
    </testcase>
    <testcase classname="AuthContext login() persists token to localStorage" name="AuthContext login() persists token to localStorage" time="0.007">
    </testcase>
    <testcase classname="AuthContext logout() clears user and token" name="AuthContext logout() clears user and token" time="0.008">
    </testcase>
    <testcase classname="AuthContext logout() removes token from localStorage" name="AuthContext logout() removes token from localStorage" time="0.004">
    </testcase>
    <testcase classname="AuthContext restores token from localStorage on mount" name="AuthContext restores token from localStorage on mount" time="0.023">
    </testcase>
    <testcase classname="AuthContext restores user from /api/users/me/ when token exists on mount" name="AuthContext restores user from /api/users/me/ when token exists on mount" time="0.013">
    </testcase>
    <testcase classname="AuthContext loading is true while fetching and false after fetchMe resolves" name="AuthContext loading is true while fetching and false after fetchMe resolves" time="0.005">
    </testcase>
    <testcase classname="AuthContext calls logout() and clears token when fetchMe returns a 401 error" name="AuthContext calls logout() and clears token when fetchMe returns a 401 error" time="0.009">
    </testcase>
    <testcase classname="AuthContext refresh-token persistence stores refresh token from login() in localStorage" name="AuthContext refresh-token persistence stores refresh token from login() in localStorage" time="0.002">
    </testcase>
    <testcase classname="AuthContext refresh-token persistence clears refresh token on logout()" name="AuthContext refresh-token persistence clears refresh token on logout()" time="0.001">
    </testcase>
    <testcase classname="AuthContext refresh-token persistence initializes refresh token from localStorage on mount" name="AuthContext refresh-token persistence initializes refresh token from localStorage on mount" time="0.123">
    </testcase>
    <testcase classname="AuthContext logout — backend coordination calls logoutRequest with the current refresh token on logout" name="AuthContext logout — backend coordination calls logoutRequest with the current refresh token on logout" time="0.001">
    </testcase>
    <testcase classname="AuthContext logout — backend coordination still clears local state when logoutRequest rejects" name="AuthContext logout — backend coordination still clears local state when logoutRequest rejects" time="0.001">
    </testcase>
    <testcase classname="AuthContext logout — backend coordination does not call logoutRequest when there is no refresh token" name="AuthContext logout — backend coordination does not call logoutRequest when there is no refresh token" time="0.001">
    </testcase>
    <testcase classname="AuthContext — auth:token-refreshed event (#701) updates token and refreshToken when api.js dispatches auth:token-refreshed" name="AuthContext — auth:token-refreshed event (#701) updates token and refreshToken when api.js dispatches auth:token-refreshed" time="0.001">
    </testcase>
    <testcase classname="AuthContext — auth:token-refreshed event (#701) keeps existing refresh token when event detail omits refresh" name="AuthContext — auth:token-refreshed event (#701) keeps existing refresh token when event detail omits refresh" time="0.009">
    </testcase>
  </testsuite>
  <testsuite name="CalendarPage" errors="0" failures="0" skipped="0" timestamp="2026-05-16T18:27:02" time="3.708" tests="12">
    <testcase classname="CalendarPage renders all 12 month panels" name="CalendarPage renders all 12 month panels" time="0.258">
    </testcase>
    <testcase classname="CalendarPage places fixed events under the correct month and resolves lunar events into their month panel" name="CalendarPage places fixed events under the correct month and resolves lunar events into their month panel" time="0.03">
    </testcase>
    <testcase classname="CalendarPage filters events when the month filter is changed" name="CalendarPage filters events when the month filter is changed" time="0.061">
    </testcase>
    <testcase classname="CalendarPage filters events when the region filter is changed" name="CalendarPage filters events when the region filter is changed" time="0.044">
    </testcase>
    <testcase classname="CalendarPage reveals an event detail panel with linked recipes when an event card is clicked" name="CalendarPage reveals an event detail panel with linked recipes when an event card is clicked" time="0.052">
    </testcase>
    <testcase classname="CalendarPage — lunar resolution + subline (#669) drops a current-year lunar event into its resolved month panel" name="CalendarPage — lunar resolution + subline (#669) drops a current-year lunar event into its resolved month panel" time="0.016">
    </testcase>
    <testcase classname="CalendarPage — lunar resolution + subline (#669) shows a lunar subline on every lunar event card" name="CalendarPage — lunar resolution + subline (#669) shows a lunar subline on every lunar event card" time="0.029">
    </testcase>
    <testcase classname="CalendarPage — lunar resolution + subline (#669) keeps unresolved lunar events in a &quot;Lunar / movable feasts&quot; section with (movable)" name="CalendarPage — lunar resolution + subline (#669) keeps unresolved lunar events in a &quot;Lunar / movable feasts&quot; section with (movable)" time="0.025">
    </testcase>
    <testcase classname="CalendarPage — lunar resolution + subline (#669) renders a dark badge on lunar cards and the regular badge on fixed cards" name="CalendarPage — lunar resolution + subline (#669) renders a dark badge on lunar cards and the regular badge on fixed cards" time="0.019">
    </testcase>
    <testcase classname="CalendarPage — lunar resolution + subline (#669) resolves backend snake_case slugs (eid_al_adha) the same as kebab-case" name="CalendarPage — lunar resolution + subline (#669) resolves backend snake_case slugs (eid_al_adha) the same as kebab-case" time="0.017">
    </testcase>
    <testcase classname="CalendarPage — lunar resolution + subline (#669) resolves Diwali (newly added to the lookup) instead of marking it movable" name="CalendarPage — lunar resolution + subline (#669) resolves Diwali (newly added to the lookup) instead of marking it movable" time="0.01">
    </testcase>
    <testcase classname="CalendarPage — lunar resolution + subline (#669) shows the pretty event name in the subline rather than the raw slug" name="CalendarPage — lunar resolution + subline (#669) shows the pretty event name in the subline rather than the raw slug" time="0.013">
    </testcase>
  </testsuite>
  <testsuite name="SearchPage" errors="0" failures="0" skipped="0" timestamp="2026-05-16T18:27:01" time="5.296" tests="15">
    <testcase classname="SearchPage shows loading state initially" name="SearchPage shows loading state initially" time="0.199">
    </testcase>
    <testcase classname="SearchPage renders result cards after API resolves" name="SearchPage renders result cards after API resolves" time="0.039">
    </testcase>
    <testcase classname="SearchPage combines q and ingredient into a single search call" name="SearchPage combines q and ingredient into a single search call" time="0.023">
    </testcase>
    <testcase classname="SearchPage passes meal_type server-side to the search API (#700)" name="SearchPage passes meal_type server-side to the search API (#700)" time="0.02">
    </testcase>
    <testcase classname="SearchPage applies story_type client-side to filter story results only" name="SearchPage applies story_type client-side to filter story results only" time="0.03">
    </testcase>
    <testcase classname="SearchPage renders a story_type active-filter chip when the URL carries one" name="SearchPage renders a story_type active-filter chip when the URL carries one" time="0.021">
    </testcase>
    <testcase classname="SearchPage shows active filter chips for non-empty filters" name="SearchPage shows active filter chips for non-empty filters" time="0.024">
    </testcase>
    <testcase classname="SearchPage shows empty state message when no results returned" name="SearchPage shows empty state message when no results returned" time="0.014">
    </testcase>
    <testcase classname="SearchPage shows error message when API fails" name="SearchPage shows error message when API fails" time="0.01">
    </testcase>
    <testcase classname="SearchPage renders search input and region filter on the results page" name="SearchPage renders search input and region filter on the results page" time="0.042">
    </testcase>
    <testcase classname="SearchPage populates region dropdown from API on results page" name="SearchPage populates region dropdown from API on results page" time="0.029">
    </testcase>
    <testcase classname="SearchPage search input is pre-filled with current query" name="SearchPage search input is pre-filled with current query" time="0.014">
    </testcase>
    <testcase classname="SearchPage submitting filter form triggers new search with updated params" name="SearchPage submitting filter form triggers new search with updated params" time="0.056">
    </testcase>
    <testcase classname="SearchPage shows personalization note when user has onboarding data" name="SearchPage shows personalization note when user has onboarding data" time="0.011">
    </testcase>
    <testcase classname="SearchPage applies include/exclude chips and region together in URL on submit" name="SearchPage applies include/exclude chips and region together in URL on submit" time="0.038">
    </testcase>
  </testsuite>
  <testsuite name="StoryDetailPage" errors="0" failures="0" skipped="0" timestamp="2026-05-16T18:27:01" time="5.299" tests="26">
    <testcase classname="StoryDetailPage shows loading state initially" name="StoryDetailPage shows loading state initially" time="0.195">
    </testcase>
    <testcase classname="StoryDetailPage displays story title after load" name="StoryDetailPage displays story title after load" time="0.021">
    </testcase>
    <testcase classname="StoryDetailPage displays story body after load" name="StoryDetailPage displays story body after load" time="0.009">
    </testcase>
    <testcase classname="StoryDetailPage displays author username" name="StoryDetailPage displays author username" time="0.012">
    </testcase>
    <testcase classname="StoryDetailPage shows linked recipe title when recipe is attached" name="StoryDetailPage shows linked recipe title when recipe is attached" time="0.008">
    </testcase>
    <testcase classname="StoryDetailPage linked recipe element links to /recipes/:id" name="StoryDetailPage linked recipe element links to /recipes/:id" time="0.039">
    </testcase>
    <testcase classname="StoryDetailPage does NOT show linked recipe section when no recipe is attached" name="StoryDetailPage does NOT show linked recipe section when no recipe is attached" time="0.005">
    </testcase>
    <testcase classname="StoryDetailPage does NOT show Edit Story button when user is not authenticated" name="StoryDetailPage does NOT show Edit Story button when user is not authenticated" time="0.012">
    </testcase>
    <testcase classname="StoryDetailPage does not render any Edit Story control for non-authors" name="StoryDetailPage does not render any Edit Story control for non-authors" time="0.025">
    </testcase>
    <testcase classname="StoryDetailPage shows Edit Story as a link to /stories/:id/edit when user is the author" name="StoryDetailPage shows Edit Story as a link to /stories/:id/edit when user is the author" time="0.019">
    </testcase>
    <testcase classname="StoryDetailPage shows error message when API fails" name="StoryDetailPage shows error message when API fails" time="0.01">
    </testcase>
    <testcase classname="StoryDetailPage delete flow shows Delete only to the author" name="StoryDetailPage delete flow shows Delete only to the author" time="0.015">
    </testcase>
    <testcase classname="StoryDetailPage delete flow does not show Delete to non-authors" name="StoryDetailPage delete flow does not show Delete to non-authors" time="0.014">
    </testcase>
    <testcase classname="StoryDetailPage delete flow confirms, deletes, and navigates to /stories" name="StoryDetailPage delete flow confirms, deletes, and navigates to /stories" time="0.037">
    </testcase>
    <testcase classname="StoryDetailPage delete flow disables the Delete button while a delete request is in flight" name="StoryDetailPage delete flow disables the Delete button while a delete request is in flight" time="0.047">
    </testcase>
    <testcase classname="StoryDetailPage delete flow does nothing when the user cancels the confirm" name="StoryDetailPage delete flow does nothing when the user cancels the confirm" time="0.009">
    </testcase>
    <testcase classname="StoryDetailPage delete flow shows an inline error if delete fails and keeps the story rendered" name="StoryDetailPage delete flow shows an inline error if delete fails and keeps the story rendered" time="0.02">
    </testcase>
    <testcase classname="StoryDetailPage publish/unpublish flow shows &quot;Unpublish&quot; for the author when the story is published" name="StoryDetailPage publish/unpublish flow shows &quot;Unpublish&quot; for the author when the story is published" time="0.013">
    </testcase>
    <testcase classname="StoryDetailPage publish/unpublish flow shows &quot;Publish&quot; for the author when the story is a draft" name="StoryDetailPage publish/unpublish flow shows &quot;Publish&quot; for the author when the story is a draft" time="0.009">
    </testcase>
    <testcase classname="StoryDetailPage publish/unpublish flow does NOT show publish/unpublish control to non-authors" name="StoryDetailPage publish/unpublish flow does NOT show publish/unpublish control to non-authors" time="0.012">
    </testcase>
    <testcase classname="StoryDetailPage publish/unpublish flow does NOT show publish/unpublish control when unauthenticated" name="StoryDetailPage publish/unpublish flow does NOT show publish/unpublish control when unauthenticated" time="0.005">
    </testcase>
    <testcase classname="StoryDetailPage publish/unpublish flow clicking &quot;Unpublish&quot; calls unpublishStory and flips the control to &quot;Publish&quot;" name="StoryDetailPage publish/unpublish flow clicking &quot;Unpublish&quot; calls unpublishStory and flips the control to &quot;Publish&quot;" time="0.045">
    </testcase>
    <testcase classname="StoryDetailPage publish/unpublish flow clicking &quot;Publish&quot; calls publishStory and flips the control to &quot;Unpublish&quot;" name="StoryDetailPage publish/unpublish flow clicking &quot;Publish&quot; calls publishStory and flips the control to &quot;Unpublish&quot;" time="0.027">
    </testcase>
    <testcase classname="StoryDetailPage publish/unpublish flow shows an inline error if publish fails" name="StoryDetailPage publish/unpublish flow shows an inline error if publish fails" time="0.024">
    </testcase>
    <testcase classname="StoryDetailPage heritage badge renders the heritage badge when story.heritage_group is present" name="StoryDetailPage heritage badge renders the heritage badge when story.heritage_group is present" time="0.012">
    </testcase>
    <testcase classname="StoryDetailPage heritage badge renders no heritage badge when story.heritage_group is null" name="StoryDetailPage heritage badge renders no heritage badge when story.heritage_group is null" time="0.008">
    </testcase>
  </testsuite>
  <testsuite name="fetchStory" errors="0" failures="0" skipped="0" timestamp="2026-05-16T18:27:06" time="0.087" tests="18">
    <testcase classname="fetchStory calls GET /api/stories/:id/ and returns data" name="fetchStory calls GET /api/stories/:id/ and returns data" time="0">
    </testcase>
    <testcase classname="fetchStory propagates API errors" name="fetchStory propagates API errors" time="0.005">
    </testcase>
    <testcase classname="createStory calls POST /api/stories/ with story data" name="createStory calls POST /api/stories/ with story data" time="0">
    </testcase>
    <testcase classname="createStory includes linked_recipe id when provided" name="createStory includes linked_recipe id when provided" time="0">
    </testcase>
    <testcase classname="storyService — new functions fetchStories calls GET /api/stories/ and returns data" name="storyService — new functions fetchStories calls GET /api/stories/ and returns data" time="0.001">
    </testcase>
    <testcase classname="storyService — new functions updateStory calls PATCH /api/stories/:id/ and returns data" name="storyService — new functions updateStory calls PATCH /api/stories/:id/ and returns data" time="0.001">
    </testcase>
    <testcase classname="storyService — new functions deleteStory DELETEs /api/stories/:id/" name="storyService — new functions deleteStory DELETEs /api/stories/:id/" time="0">
    </testcase>
    <testcase classname="publishStory / unpublishStory publishStory POSTs to /api/stories/:id/publish/ and returns data" name="publishStory / unpublishStory publishStory POSTs to /api/stories/:id/publish/ and returns data" time="0">
    </testcase>
    <testcase classname="publishStory / unpublishStory unpublishStory POSTs to /api/stories/:id/unpublish/ and returns data" name="publishStory / unpublishStory unpublishStory POSTs to /api/stories/:id/unpublish/ and returns data" time="0">
    </testcase>
    <testcase classname="publishStory / unpublishStory publishStory propagates API errors" name="publishStory / unpublishStory publishStory propagates API errors" time="0">
    </testcase>
    <testcase classname="publishStory / unpublishStory unpublishStory propagates API errors" name="publishStory / unpublishStory unpublishStory propagates API errors" time="0">
    </testcase>
    <testcase classname="updateStory — mock guard (#701) returns mock data without calling apiClient.patch when USE_MOCK=true" name="updateStory — mock guard (#701) returns mock data without calling apiClient.patch when USE_MOCK=true" time="0">
    </testcase>
    <testcase classname="fetchMyStories GETs /api/stories/?author=&lt;id&gt; and returns the list" name="fetchMyStories GETs /api/stories/?author=&lt;id&gt; and returns the list" time="0">
    </testcase>
    <testcase classname="fetchMyStories unwraps paginated DRF responses" name="fetchMyStories unwraps paginated DRF responses" time="0">
    </testcase>
    <testcase classname="fetchStoriesByRegion GETs /api/stories/?region=&lt;name&gt;&amp;page_size=100 and returns the list" name="fetchStoriesByRegion GETs /api/stories/?region=&lt;name&gt;&amp;page_size=100 and returns the list" time="0.001">
    </testcase>
    <testcase classname="fetchStoriesByRegion unwraps paginated DRF responses" name="fetchStoriesByRegion unwraps paginated DRF responses" time="0">
    </testcase>
    <testcase classname="fetchFeaturedStories returns the first &lt;limit&gt; stories from the list endpoint" name="fetchFeaturedStories returns the first &lt;limit&gt; stories from the list endpoint" time="0">
    </testcase>
    <testcase classname="fetchFeaturedStories defaults limit to 6 when not provided" name="fetchFeaturedStories defaults limit to 6 when not provided" time="0">
    </testcase>
  </testsuite>
  <testsuite name="RecipeEditPage" errors="0" failures="0" skipped="0" timestamp="2026-05-16T18:27:01" time="5.375" tests="20">
    <testcase classname="RecipeEditPage pre-populates title from existing recipe" name="RecipeEditPage pre-populates title from existing recipe" time="0.182">
    </testcase>
    <testcase classname="RecipeEditPage pre-populates description from existing recipe" name="RecipeEditPage pre-populates description from existing recipe" time="0.021">
    </testcase>
    <testcase classname="RecipeEditPage pre-populates Q&amp;A toggle from existing recipe (qa_enabled: false)" name="RecipeEditPage pre-populates Q&amp;A toggle from existing recipe (qa_enabled: false)" time="0.026">
    </testcase>
    <testcase classname="RecipeEditPage shows validation error when title is cleared" name="RecipeEditPage shows validation error when title is cleared" time="0.059">
    </testcase>
    <testcase classname="RecipeEditPage shows error when both description and video are absent on submit" name="RecipeEditPage shows error when both description and video are absent on submit" time="0.031">
    </testcase>
    <testcase classname="RecipeEditPage calls updateRecipe and shows success toast on valid submit" name="RecipeEditPage calls updateRecipe and shows success toast on valid submit" time="0.043">
    </testcase>
    <testcase classname="RecipeEditPage calls updateRecipe with is_published: false when &quot;Save as draft&quot; is clicked" name="RecipeEditPage calls updateRecipe with is_published: false when &quot;Save as draft&quot; is clicked" time="0.032">
    </testcase>
    <testcase classname="RecipeEditPage shows &quot;Publish&quot; as the primary button when the recipe is a draft" name="RecipeEditPage shows &quot;Publish&quot; as the primary button when the recipe is a draft" time="0.015">
    </testcase>
    <testcase classname="RecipeEditPage shows error toast when API call fails" name="RecipeEditPage shows error toast when API call fails" time="0.047">
    </testcase>
    <testcase classname="RecipeEditPage shows error message when initial load fails" name="RecipeEditPage shows error message when initial load fails" time="0.008">
    </testcase>
    <testcase classname="RecipeEditPage redirects non-authors to the detail page" name="RecipeEditPage redirects non-authors to the detail page" time="0.016">
    </testcase>
    <testcase classname="RecipeEditPage renders a thumbnail upload field" name="RecipeEditPage renders a thumbnail upload field" time="0.014">
    </testcase>
    <testcase classname="RecipeEditPage shows error when no ingredients are filled in" name="RecipeEditPage shows error when no ingredients are filled in" time="0.025">
    </testcase>
    <testcase classname="RecipeEditPage renders region as a combobox (select element)" name="RecipeEditPage renders region as a combobox (select element)" time="0.009">
    </testcase>
    <testcase classname="RecipeEditPage pre-populates region dropdown with value from recipe" name="RecipeEditPage pre-populates region dropdown with value from recipe" time="0.013">
    </testcase>
    <testcase classname="RecipeEditPage — draft auto-save shows DraftRestoreBanner when a draft exists for this recipe" name="RecipeEditPage — draft auto-save shows DraftRestoreBanner when a draft exists for this recipe" time="0.01">
    </testcase>
    <testcase classname="RecipeEditPage — draft auto-save restores title from draft when Restore is clicked" name="RecipeEditPage — draft auto-save restores title from draft when Restore is clicked" time="0.013">
    </testcase>
    <testcase classname="RecipeEditPage — steps pre-fills the StepsEditor from recipe.steps on load" name="RecipeEditPage — steps pre-fills the StepsEditor from recipe.steps on load" time="0.011">
    </testcase>
    <testcase classname="RecipeEditPage — steps renders no step rows when recipe.steps is missing" name="RecipeEditPage — steps renders no step rows when recipe.steps is missing" time="0.007">
    </testcase>
    <testcase classname="RecipeEditPage — steps PATCHes the recipe with the trimmed steps array on save" name="RecipeEditPage — steps PATCHes the recipe with the trimmed steps array on save" time="0.093">
    </testcase>
  </testsuite>
  <testsuite name="StoryCreatePage" errors="0" failures="0" skipped="0" timestamp="2026-05-16T18:27:06" time="0.503" tests="16">
    <testcase classname="StoryCreatePage renders the Create Story heading" name="StoryCreatePage renders the Create Story heading" time="0.076">
    </testcase>
    <testcase classname="StoryCreatePage renders title, body, and language fields" name="StoryCreatePage renders title, body, and language fields" time="0.006">
    </testcase>
    <testcase classname="StoryCreatePage shows validation error when title is empty on submit" name="StoryCreatePage shows validation error when title is empty on submit" time="0.027">
    </testcase>
    <testcase classname="StoryCreatePage shows validation error when body is empty on submit" name="StoryCreatePage shows validation error when body is empty on submit" time="0.028">
    </testcase>
    <testcase classname="StoryCreatePage submits with title, body, language and no linked recipe" name="StoryCreatePage submits with title, body, language and no linked recipe" time="0.024">
    </testcase>
    <testcase classname="StoryCreatePage submits with is_published=false when &quot;Save as draft&quot; is clicked" name="StoryCreatePage submits with is_published=false when &quot;Save as draft&quot; is clicked" time="0.024">
    </testcase>
    <testcase classname="StoryCreatePage renders hint text below action buttons" name="StoryCreatePage renders hint text below action buttons" time="0.003">
    </testcase>
    <testcase classname="StoryCreatePage navigates to story detail page after successful submission" name="StoryCreatePage navigates to story detail page after successful submission" time="0.024">
    </testcase>
    <testcase classname="StoryCreatePage renders the recipe linking section with a search input" name="StoryCreatePage renders the recipe linking section with a search input" time="0.01">
    </testcase>
    <testcase classname="StoryCreatePage filters recipe list by search term" name="StoryCreatePage filters recipe list by search term" time="0.007">
    </testcase>
    <testcase classname="StoryCreatePage allows selecting a recipe and reflects it as linked" name="StoryCreatePage allows selecting a recipe and reflects it as linked" time="0.019">
    </testcase>
    <testcase classname="StoryCreatePage submits linked_recipe id in FormData when a recipe is linked" name="StoryCreatePage submits linked_recipe id in FormData when a recipe is linked" time="0.061">
    </testcase>
    <testcase classname="StoryCreatePage renders a photo upload field" name="StoryCreatePage renders a photo upload field" time="0.014">
    </testcase>
    <testcase classname="StoryCreatePage — draft auto-save shows DraftRestoreBanner when a draft exists in localStorage" name="StoryCreatePage — draft auto-save shows DraftRestoreBanner when a draft exists in localStorage" time="0.008">
    </testcase>
    <testcase classname="StoryCreatePage — draft auto-save restores title from draft when Restore is clicked" name="StoryCreatePage — draft auto-save restores title from draft when Restore is clicked" time="0.014">
    </testcase>
    <testcase classname="StoryCreatePage — draft auto-save hides the banner after Discard is clicked" name="StoryCreatePage — draft auto-save hides the banner after Discard is clicked" time="0.016">
    </testcase>
  </testsuite>
  <testsuite name="apiClient" errors="0" failures="0" skipped="0" timestamp="2026-05-16T18:27:06" time="0.066" tests="10">
    <testcase classname="apiClient creates an axios instance with the correct base URL" name="apiClient creates an axios instance with the correct base URL" time="0.001">
    </testcase>
    <testcase classname="apiClient registers a request interceptor" name="apiClient registers a request interceptor" time="0.005">
    </testcase>
    <testcase classname="apiClient attaches Bearer token when token exists in localStorage" name="apiClient attaches Bearer token when token exists in localStorage" time="0">
    </testcase>
    <testcase classname="apiClient does not attach Authorization header when no token in localStorage" name="apiClient does not attach Authorization header when no token in localStorage" time="0">
    </testcase>
    <testcase classname="apiClient 401 response interceptor registers a response interceptor" name="apiClient 401 response interceptor registers a response interceptor" time="0.001">
    </testcase>
    <testcase classname="apiClient 401 response interceptor attempts refresh and retries the original request on 401" name="apiClient 401 response interceptor attempts refresh and retries the original request on 401" time="0.001">
    </testcase>
    <testcase classname="apiClient 401 response interceptor logs out and rejects when refresh fails" name="apiClient 401 response interceptor logs out and rejects when refresh fails" time="0.001">
    </testcase>
    <testcase classname="apiClient 401 response interceptor passes through non-401 errors untouched" name="apiClient 401 response interceptor passes through non-401 errors untouched" time="0">
    </testcase>
    <testcase classname="apiClient 401 response interceptor does not retry on 401 if request already has _retry=true" name="apiClient 401 response interceptor does not retry on 401 if request already has _retry=true" time="0">
    </testcase>
    <testcase classname="apiClient 401 response interceptor deduplicates concurrent 401s into a single refresh call" name="apiClient 401 response interceptor deduplicates concurrent 401s into a single refresh call" time="0.001">
    </testcase>
  </testsuite>
  <testsuite name="NotificationTray" errors="0" failures="0" skipped="0" timestamp="2026-05-16T18:27:06" time="0.378" tests="14">
    <testcase classname="NotificationTray renders the bell toggle with aria-label &quot;Notifications&quot;" name="NotificationTray renders the bell toggle with aria-label &quot;Notifications&quot;" time="0.019">
    </testcase>
    <testcase classname="NotificationTray renders a badge with the unread count when unreadCount &gt; 0" name="NotificationTray renders a badge with the unread count when unreadCount &gt; 0" time="0.001">
    </testcase>
    <testcase classname="NotificationTray does not render a badge when unreadCount is 0" name="NotificationTray does not render a badge when unreadCount is 0" time="0.002">
    </testcase>
    <testcase classname="NotificationTray toggles aria-expanded when the bell is clicked" name="NotificationTray toggles aria-expanded when the bell is clicked" time="0.008">
    </testcase>
    <testcase classname="NotificationTray shows the loading state inside the open panel" name="NotificationTray shows the loading state inside the open panel" time="0.005">
    </testcase>
    <testcase classname="NotificationTray shows the empty state when there are no notifications" name="NotificationTray shows the empty state when there are no notifications" time="0.004">
    </testcase>
    <testcase classname="NotificationTray renders a notification with a link to /recipes/&lt;recipeId&gt; when recipeId is present" name="NotificationTray renders a notification with a link to /recipes/&lt;recipeId&gt; when recipeId is present" time="0.024">
    </testcase>
    <testcase classname="NotificationTray falls back to /inbox when notification has no recipeId" name="NotificationTray falls back to /inbox when notification has no recipeId" time="0.025">
    </testcase>
    <testcase classname="NotificationTray renders a &quot;Mark all read&quot; button when unreadCount &gt; 0 and invokes context.markAllRead on click" name="NotificationTray renders a &quot;Mark all read&quot; button when unreadCount &gt; 0 and invokes context.markAllRead on click" time="0.022">
    </testcase>
    <testcase classname="NotificationTray does not render the &quot;Mark all read&quot; button when unreadCount is 0" name="NotificationTray does not render the &quot;Mark all read&quot; button when unreadCount is 0" time="0.014">
    </testcase>
    <testcase classname="NotificationTray calls markRead(id) and closes the panel when a notification is clicked" name="NotificationTray calls markRead(id) and closes the panel when a notification is clicked" time="0.028">
    </testcase>
    <testcase classname="NotificationTray — rating notifications (#739) renders a star icon for type === &quot;rating&quot;" name="NotificationTray — rating notifications (#739) renders a star icon for type === &quot;rating&quot;" time="0.017">
    </testcase>
    <testcase classname="NotificationTray — rating notifications (#739) links a rating notification to /recipes/&lt;recipeId&gt;" name="NotificationTray — rating notifications (#739) links a rating notification to /recipes/&lt;recipeId&gt;" time="0.022">
    </testcase>
    <testcase classname="NotificationTray — rating notifications (#739) keeps question / reply icons unchanged" name="NotificationTray — rating notifications (#739) keeps question / reply icons unchanged" time="0.02">
    </testcase>
  </testsuite>
  <testsuite name="ChatTray" errors="0" failures="0" skipped="0" timestamp="2026-05-16T18:27:06" time="0.389" tests="15">
    <testcase classname="ChatTray renders nothing when user is null" name="ChatTray renders nothing when user is null" time="0.006">
    </testcase>
    <testcase classname="ChatTray renders the Messages tab when user is logged in" name="ChatTray renders the Messages tab when user is logged in" time="0.023">
    </testcase>
    <testcase classname="ChatTray shows unread badge when totalUnread &gt; 0" name="ChatTray shows unread badge when totalUnread &gt; 0" time="0.005">
    </testcase>
    <testcase classname="ChatTray does not show badge when totalUnread is 0" name="ChatTray does not show badge when totalUnread is 0" time="0.005">
    </testcase>
    <testcase classname="ChatTray opens the panel on toggle click" name="ChatTray opens the panel on toggle click" time="0.014">
    </testcase>
    <testcase classname="ChatTray closes the panel on second toggle click" name="ChatTray closes the panel on second toggle click" time="0.033">
    </testcase>
    <testcase classname="ChatTray closes the panel on click-outside" name="ChatTray closes the panel on click-outside" time="0.011">
    </testcase>
    <testcase classname="ChatTray shows thread list with username and unread count in open panel" name="ChatTray shows thread list with username and unread count in open panel" time="0.013">
    </testcase>
    <testcase classname="ChatTray calls markRead when a thread is clicked" name="ChatTray calls markRead when a thread is clicked" time="0.03">
    </testcase>
    <testcase classname="ChatTray shows &quot;No conversations yet.&quot; when threads are empty" name="ChatTray shows &quot;No conversations yet.&quot; when threads are empty" time="0.009">
    </testcase>
    <testcase classname="relativeTime and isRecentlyActive helpers shows seconds for recent timestamps" name="relativeTime and isRecentlyActive helpers shows seconds for recent timestamps" time="0.004">
    </testcase>
    <testcase classname="relativeTime and isRecentlyActive helpers shows minutes for older timestamps" name="relativeTime and isRecentlyActive helpers shows minutes for older timestamps" time="0.005">
    </testcase>
    <testcase classname="relativeTime and isRecentlyActive helpers clamps negative diff to 0s for future timestamps" name="relativeTime and isRecentlyActive helpers clamps negative diff to 0s for future timestamps" time="0.007">
    </testcase>
    <testcase classname="relativeTime and isRecentlyActive helpers shows green dot for threads active within 5 minutes" name="relativeTime and isRecentlyActive helpers shows green dot for threads active within 5 minutes" time="0.005">
    </testcase>
    <testcase classname="relativeTime and isRecentlyActive helpers no green dot for threads older than 5 minutes" name="relativeTime and isRecentlyActive helpers no green dot for threads older than 5 minutes" time="0.012">
    </testcase>
  </testsuite>
  <testsuite name="Passport action buttons — RecipeDetailPage" errors="0" failures="0" skipped="0" timestamp="2026-05-16T18:27:06" time="0.479" tests="8">
    <testcase classname="Passport action buttons — RecipeDetailPage does not show I Tried This button when logged out" name="Passport action buttons — RecipeDetailPage does not show I Tried This button when logged out" time="0.021">
    </testcase>
    <testcase classname="Passport action buttons — RecipeDetailPage shows I Tried This button when logged in" name="Passport action buttons — RecipeDetailPage shows I Tried This button when logged in" time="0.043">
    </testcase>
    <testcase classname="Passport action buttons — RecipeDetailPage clicking I Tried This calls tryRecipe and disables the button" name="Passport action buttons — RecipeDetailPage clicking I Tried This calls tryRecipe and disables the button" time="0.062">
    </testcase>
    <testcase classname="Passport action buttons — RecipeDetailPage tryRecipe failure shows error, button stays clickable" name="Passport action buttons — RecipeDetailPage tryRecipe failure shows error, button stays clickable" time="0.092">
    </testcase>
    <testcase classname="Passport action buttons — StoryDetailPage does not show Save to Passport button when logged out" name="Passport action buttons — StoryDetailPage does not show Save to Passport button when logged out" time="0.004">
    </testcase>
    <testcase classname="Passport action buttons — StoryDetailPage shows Save to Passport button when logged in" name="Passport action buttons — StoryDetailPage shows Save to Passport button when logged in" time="0.014">
    </testcase>
    <testcase classname="Passport action buttons — StoryDetailPage clicking Save to Passport calls saveStoryToPassport and disables the button" name="Passport action buttons — StoryDetailPage clicking Save to Passport calls saveStoryToPassport and disables the button" time="0.027">
    </testcase>
    <testcase classname="Passport action buttons — StoryDetailPage saveStoryToPassport failure shows error, button stays clickable" name="Passport action buttons — StoryDetailPage saveStoryToPassport failure shows error, button stays clickable" time="0.029">
    </testcase>
  </testsuite>
  <testsuite name="StoryEditPage" errors="0" failures="0" skipped="0" timestamp="2026-05-16T18:27:06" time="0.388" tests="10">
    <testcase classname="StoryEditPage shows loading state initially" name="StoryEditPage shows loading state initially" time="0.017">
    </testcase>
    <testcase classname="StoryEditPage pre-populates title and body from existing story" name="StoryEditPage pre-populates title and body from existing story" time="0.014">
    </testcase>
    <testcase classname="StoryEditPage redirects non-authors to the detail page" name="StoryEditPage redirects non-authors to the detail page" time="0.014">
    </testcase>
    <testcase classname="StoryEditPage shows title required error on empty submit" name="StoryEditPage shows title required error on empty submit" time="0.049">
    </testcase>
    <testcase classname="StoryEditPage calls updateStory and shows success toast on valid save" name="StoryEditPage calls updateStory and shows success toast on valid save" time="0.025">
    </testcase>
    <testcase classname="StoryEditPage calls updateStory with is_published=false when &quot;Save as draft&quot; is clicked" name="StoryEditPage calls updateStory with is_published=false when &quot;Save as draft&quot; is clicked" time="0.026">
    </testcase>
    <testcase classname="StoryEditPage shows &quot;Publish&quot; as the primary button when the story is a draft" name="StoryEditPage shows &quot;Publish&quot; as the primary button when the story is a draft" time="0.018">
    </testcase>
    <testcase classname="StoryEditPage shows error toast when updateStory fails" name="StoryEditPage shows error toast when updateStory fails" time="0.023">
    </testcase>
    <testcase classname="StoryEditPage — draft auto-save shows DraftRestoreBanner when a draft exists for this story" name="StoryEditPage — draft auto-save shows DraftRestoreBanner when a draft exists for this story" time="0.008">
    </testcase>
    <testcase classname="StoryEditPage — draft auto-save restores title from draft when Restore is clicked" name="StoryEditPage — draft auto-save restores title from draft when Restore is clicked" time="0.02">
    </testcase>
  </testsuite>
  <testsuite name="RecipeDetailPage" errors="0" failures="0" skipped="0" timestamp="2026-05-16T18:27:01" time="5.9" tests="38">
    <testcase classname="RecipeDetailPage shows loading state initially" name="RecipeDetailPage shows loading state initially" time="0.145">
    </testcase>
    <testcase classname="RecipeDetailPage displays title and description after load" name="RecipeDetailPage displays title and description after load" time="0.04">
    </testcase>
    <testcase classname="RecipeDetailPage renders image when image URL is present" name="RecipeDetailPage renders image when image URL is present" time="0.04">
    </testcase>
    <testcase classname="RecipeDetailPage does not render image element when image is null" name="RecipeDetailPage does not render image element when image is null" time="0.018">
    </testcase>
    <testcase classname="RecipeDetailPage renders a video element when video URL is present" name="RecipeDetailPage renders a video element when video URL is present" time="0.015">
    </testcase>
    <testcase classname="RecipeDetailPage displays ingredient list with amounts and units" name="RecipeDetailPage displays ingredient list with amounts and units" time="0.027">
    </testcase>
    <testcase classname="RecipeDetailPage shows error message when API fails" name="RecipeDetailPage shows error message when API fails" time="0.007">
    </testcase>
    <testcase classname="RecipeDetailPage does NOT show Edit button when user is not logged in" name="RecipeDetailPage does NOT show Edit button when user is not logged in" time="0.012">
    </testcase>
    <testcase classname="RecipeDetailPage does NOT show Edit button when logged-in user is not the author" name="RecipeDetailPage does NOT show Edit button when logged-in user is not the author" time="0.015">
    </testcase>
    <testcase classname="RecipeDetailPage displays author username" name="RecipeDetailPage displays author username" time="0.017">
    </testcase>
    <testcase classname="RecipeDetailPage shows Edit button when logged-in user is the author" name="RecipeDetailPage shows Edit button when logged-in user is the author" time="0.029">
    </testcase>
    <testcase classname="RecipeDetailPage renders Q&amp;A section heading" name="RecipeDetailPage renders Q&amp;A section heading" time="0.018">
    </testcase>
    <testcase classname="RecipeDetailPage always renders an enabled Message button for non-authors" name="RecipeDetailPage always renders an enabled Message button for non-authors" time="0.025">
    </testcase>
    <testcase classname="RecipeDetailPage delete flow shows a Delete button only to the author" name="RecipeDetailPage delete flow shows a Delete button only to the author" time="0.017">
    </testcase>
    <testcase classname="RecipeDetailPage delete flow does not show a Delete button to non-authors" name="RecipeDetailPage delete flow does not show a Delete button to non-authors" time="0.023">
    </testcase>
    <testcase classname="RecipeDetailPage delete flow confirms, deletes, and navigates to /recipes on success" name="RecipeDetailPage delete flow confirms, deletes, and navigates to /recipes on success" time="0.08">
    </testcase>
    <testcase classname="RecipeDetailPage delete flow does nothing when the user cancels the confirm" name="RecipeDetailPage delete flow does nothing when the user cancels the confirm" time="0.028">
    </testcase>
    <testcase classname="RecipeDetailPage delete flow disables the Delete button while a delete request is in flight" name="RecipeDetailPage delete flow disables the Delete button while a delete request is in flight" time="0.022">
    </testcase>
    <testcase classname="RecipeDetailPage delete flow shows an inline error if delete fails and keeps the recipe rendered" name="RecipeDetailPage delete flow shows an inline error if delete fails and keeps the recipe rendered" time="0.027">
    </testcase>
    <testcase classname="RecipeDetailPage ingredient check-off persistence does not render ingredient checkboxes for anonymous users" name="RecipeDetailPage ingredient check-off persistence does not render ingredient checkboxes for anonymous users" time="0.013">
    </testcase>
    <testcase classname="RecipeDetailPage ingredient check-off persistence fetches the canonical checked set on mount for a logged-in user" name="RecipeDetailPage ingredient check-off persistence fetches the canonical checked set on mount for a logged-in user" time="0.021">
    </testcase>
    <testcase classname="RecipeDetailPage ingredient check-off persistence optimistically toggles and reconciles with the canonical list from the server" name="RecipeDetailPage ingredient check-off persistence optimistically toggles and reconciles with the canonical list from the server" time="0.046">
    </testcase>
    <testcase classname="RecipeDetailPage ingredient check-off persistence reverts the optimistic toggle when the server rejects it" name="RecipeDetailPage ingredient check-off persistence reverts the optimistic toggle when the server rejects it" time="0.045">
    </testcase>
    <testcase classname="RecipeDetailPage substitute panel renders match-type chips with friendly labels (e.g. &quot;Flavor&quot;, not &quot;flavor&quot; or &quot;Flavor Match&quot;)" name="RecipeDetailPage substitute panel renders match-type chips with friendly labels (e.g. &quot;Flavor&quot;, not &quot;flavor&quot; or &quot;Flavor Match&quot;)" time="0.054">
    </testcase>
    <testcase classname="RecipeDetailPage heritage badge renders the heritage badge when recipe.heritage_group is present" name="RecipeDetailPage heritage badge renders the heritage badge when recipe.heritage_group is present" time="0.021">
    </testcase>
    <testcase classname="RecipeDetailPage heritage badge renders no heritage badge when recipe.heritage_group is null" name="RecipeDetailPage heritage badge renders no heritage badge when recipe.heritage_group is null" time="0.024">
    </testcase>
    <testcase classname="RecipeDetailPage cultural facts fetches and renders facts when recipe has a heritage_group" name="RecipeDetailPage cultural facts fetches and renders facts when recipe has a heritage_group" time="0.023">
    </testcase>
    <testcase classname="RecipeDetailPage cultural facts does not call the facts service when recipe has no heritage_group" name="RecipeDetailPage cultural facts does not call the facts service when recipe has no heritage_group" time="0.012">
    </testcase>
    <testcase classname="RecipeDetailPage steps section renders a numbered Steps section when recipe.steps has items" name="RecipeDetailPage steps section renders a numbered Steps section when recipe.steps has items" time="0.014">
    </testcase>
    <testcase classname="RecipeDetailPage steps section hides the Steps section when recipe.steps is empty" name="RecipeDetailPage steps section hides the Steps section when recipe.steps is empty" time="0.009">
    </testcase>
    <testcase classname="RecipeDetailPage steps section hides the Steps section when recipe.steps is missing entirely" name="RecipeDetailPage steps section hides the Steps section when recipe.steps is missing entirely" time="0.007">
    </testcase>
    <testcase classname="RecipeDetailPage star rating renders read-only stars with the average + count when present" name="RecipeDetailPage star rating renders read-only stars with the average + count when present" time="0.008">
    </testcase>
    <testcase classname="RecipeDetailPage star rating disables interactivity for the recipe author with a tooltip" name="RecipeDetailPage star rating disables interactivity for the recipe author with a tooltip" time="0.015">
    </testcase>
    <testcase classname="RecipeDetailPage star rating lets a non-author authenticated user submit a rating via POST" name="RecipeDetailPage star rating lets a non-author authenticated user submit a rating via POST" time="0.033">
    </testcase>
    <testcase classname="RecipeDetailPage bookmark button hides the bookmark button for anonymous viewers" name="RecipeDetailPage bookmark button hides the bookmark button for anonymous viewers" time="0.011">
    </testcase>
    <testcase classname="RecipeDetailPage bookmark button hides the bookmark button for the recipe author" name="RecipeDetailPage bookmark button hides the bookmark button for the recipe author" time="0.014">
    </testcase>
    <testcase classname="RecipeDetailPage bookmark button renders an unsaved bookmark button for a non-author authenticated viewer" name="RecipeDetailPage bookmark button renders an unsaved bookmark button for a non-author authenticated viewer" time="0.014">
    </testcase>
    <testcase classname="RecipeDetailPage bookmark button calls toggleBookmark and flips state on click" name="RecipeDetailPage bookmark button calls toggleBookmark and flips state on click" time="0.045">
    </testcase>
  </testsuite>
  <testsuite name="fetchThreads" errors="0" failures="0" skipped="0" timestamp="2026-05-16T18:27:07" time="0.065" tests="10">
    <testcase classname="fetchThreads GETs /api/threads/ and normalizes a paginated response" name="fetchThreads GETs /api/threads/ and normalizes a paginated response" time="0">
    </testcase>
    <testcase classname="fetchThreads handles a plain array response with no last_message" name="fetchThreads handles a plain array response with no last_message" time="0">
    </testcase>
    <testcase classname="fetchMessages GETs /api/threads/:id/messages/ and normalizes messages" name="fetchMessages GETs /api/threads/:id/messages/ and normalizes messages" time="0">
    </testcase>
    <testcase classname="sendMessage POSTs body to /api/threads/:id/send/ and returns normalized data" name="sendMessage POSTs body to /api/threads/:id/send/ and returns normalized data" time="0">
    </testcase>
    <testcase classname="sendMessage propagates API errors to the caller" name="sendMessage propagates API errors to the caller" time="0.004">
    </testcase>
    <testcase classname="createThread POSTs other_user_id to /api/threads/ and normalizes response" name="createThread POSTs other_user_id to /api/threads/ and normalizes response" time="0.001">
    </testcase>
    <testcase classname="createThread falls back to provided toUsername when response omits other_username" name="createThread falls back to provided toUsername when response omits other_username" time="0">
    </testcase>
    <testcase classname="markThreadRead POSTs to /api/threads/:id/read/ with no body" name="markThreadRead POSTs to /api/threads/:id/read/ with no body" time="0">
    </testcase>
    <testcase classname="fetchMessages — cursor pagination (#851) follows the cursor `next` link and concatenates all pages" name="fetchMessages — cursor pagination (#851) follows the cursor `next` link and concatenates all pages" time="0.002">
    </testcase>
    <testcase classname="fetchMessages — cursor pagination (#851) falls back to a single-page array response" name="fetchMessages — cursor pagination (#851) falls back to a single-page array response" time="0">
    </testcase>
  </testsuite>
  <testsuite name="ThreadPage" errors="0" failures="0" skipped="0" timestamp="2026-05-16T18:27:07" time="0.424" tests="9">
    <testcase classname="ThreadPage shows a loading state while messages are loading" name="ThreadPage shows a loading state while messages are loading" time="0.019">
    </testcase>
    <testcase classname="ThreadPage renders messages returned by fetchMessages, in order" name="ThreadPage renders messages returned by fetchMessages, in order" time="0.053">
    </testcase>
    <testcase classname="ThreadPage typing and clicking Send calls sendMessage(threadId, body) and appends the message" name="ThreadPage typing and clicking Send calls sendMessage(threadId, body) and appends the message" time="0.042">
    </testcase>
    <testcase classname="ThreadPage disables the Send button while a send is in flight" name="ThreadPage disables the Send button while a send is in flight" time="0.052">
    </testcase>
    <testcase classname="ThreadPage does not call sendMessage when the body is empty or whitespace" name="ThreadPage does not call sendMessage when the body is empty or whitespace" time="0.025">
    </testcase>
    <testcase classname="ThreadPage shows an error state when fetchMessages rejects" name="ThreadPage shows an error state when fetchMessages rejects" time="0.008">
    </testcase>
    <testcase classname="ThreadPage calls scrollIntoView after messages render (auto scroll-to-bottom)" name="ThreadPage calls scrollIntoView after messages render (auto scroll-to-bottom)" time="0.007">
    </testcase>
    <testcase classname="ThreadPage surfaces an inline error alert when sendMessage rejects and preserves the draft" name="ThreadPage surfaces an inline error alert when sendMessage rejects and preserves the draft" time="0.047">
    </testcase>
    <testcase classname="ThreadPage calls markThreadRead with the URL threadId after messages load" name="ThreadPage calls markThreadRead with the URL threadId after messages load" time="0.011">
    </testcase>
  </testsuite>
  <testsuite name="RecipeListPage" errors="0" failures="0" skipped="0" timestamp="2026-05-16T18:27:07" time="0.269" tests="11">
    <testcase classname="RecipeListPage shows loading state initially" name="RecipeListPage shows loading state initially" time="0.014">
    </testcase>
    <testcase classname="RecipeListPage renders all recipe titles after load" name="RecipeListPage renders all recipe titles after load" time="0.018">
    </testcase>
    <testcase classname="RecipeListPage each recipe card links to /recipes/:id" name="RecipeListPage each recipe card links to /recipes/:id" time="0.019">
    </testcase>
    <testcase classname="RecipeListPage shows empty message when no recipes exist" name="RecipeListPage shows empty message when no recipes exist" time="0.006">
    </testcase>
    <testcase classname="RecipeListPage displays region name (not ID) on recipe cards" name="RecipeListPage displays region name (not ID) on recipe cards" time="0.011">
    </testcase>
    <testcase classname="RecipeListPage does not show region tag when region_name is absent" name="RecipeListPage does not show region tag when region_name is absent" time="0.028">
    </testcase>
    <testcase classname="RecipeListPage renders recipe image when image is present" name="RecipeListPage renders recipe image when image is present" time="0.013">
    </testcase>
    <testcase classname="RecipeListPage shows error message when API fails" name="RecipeListPage shows error message when API fails" time="0.007">
    </testcase>
    <testcase classname="RecipeListPage star rating shows read-only stars with the average and count next to each card" name="RecipeListPage star rating shows read-only stars with the average and count next to each card" time="0.011">
    </testcase>
    <testcase classname="RecipeListPage bookmark icon renders a filled bookmark icon when recipe.is_bookmarked is true" name="RecipeListPage bookmark icon renders a filled bookmark icon when recipe.is_bookmarked is true" time="0.014">
    </testcase>
    <testcase classname="RecipeListPage bookmark icon renders an empty bookmark icon when recipe.is_bookmarked is false / missing" name="RecipeListPage bookmark icon renders an empty bookmark icon when recipe.is_bookmarked is false / missing" time="0.005">
    </testcase>
  </testsuite>
  <testsuite name="RecipeCommentsSection" errors="0" failures="0" skipped="0" timestamp="2026-05-16T18:27:07" time="0.371" tests="7">
    <testcase classname="RecipeCommentsSection loads and renders threaded comments" name="RecipeCommentsSection loads and renders threaded comments" time="0.043">
    </testcase>
    <testcase classname="RecipeCommentsSection submits a new question" name="RecipeCommentsSection submits a new question" time="0.044">
    </testcase>
    <testcase classname="RecipeCommentsSection shows login hint when user is not authenticated" name="RecipeCommentsSection shows login hint when user is not authenticated" time="0.013">
    </testcase>
    <testcase classname="RecipeCommentsSection opens action menu and toggles helpful vote" name="RecipeCommentsSection opens action menu and toggles helpful vote" time="0.022">
    </testcase>
    <testcase classname="RecipeCommentsSection applies optimistic helpful count and disables button while request is in flight" name="RecipeCommentsSection applies optimistic helpful count and disables button while request is in flight" time="0.048">
    </testcase>
    <testcase classname="RecipeCommentsSection rolls back optimistic helpful state on API error" name="RecipeCommentsSection rolls back optimistic helpful state on API error" time="0.049">
    </testcase>
    <testcase classname="RecipeCommentsSection surfaces an inline error to the user when deleteComment fails (#699)" name="RecipeCommentsSection surfaces an inline error to the user when deleteComment fails (#699)" time="0.035">
    </testcase>
  </testsuite>
  <testsuite name="ExplorePage" errors="0" failures="0" skipped="0" timestamp="2026-05-16T18:27:07" time="0.488" tests="9">
    <testcase classname="ExplorePage shows skeleton rails while events load" name="ExplorePage shows skeleton rails while events load" time="0.025">
    </testcase>
    <testcase classname="ExplorePage renders the featured rail + region rails after fetch resolves" name="ExplorePage renders the featured rail + region rails after fetch resolves" time="0.093">
    </testcase>
    <testcase classname="ExplorePage renders the region jump-nav with one chip per region rail" name="ExplorePage renders the region jump-nav with one chip per region rail" time="0.038">
    </testcase>
    <testcase classname="ExplorePage renders &quot;See all&quot; only on non-featured rails" name="ExplorePage renders &quot;See all&quot; only on non-featured rails" time="0.057">
    </testcase>
    <testcase classname="ExplorePage renders an empty state with CTAs when no rails have items" name="ExplorePage renders an empty state with CTAs when no rails have items" time="0.017">
    </testcase>
    <testcase classname="ExplorePage shows the sign-in banner only when not authenticated" name="ExplorePage shows the sign-in banner only when not authenticated" time="0.021">
    </testcase>
    <testcase classname="ExplorePage hides the sign-in banner when authenticated" name="ExplorePage hides the sign-in banner when authenticated" time="0.022">
    </testcase>
    <testcase classname="ExplorePage shows the bookmark button on recipe cards only when signed in" name="ExplorePage shows the bookmark button on recipe cards only when signed in" time="0.027">
    </testcase>
    <testcase classname="ExplorePage shows an error message when fetchExploreEvents rejects" name="ExplorePage shows an error message when fetchExploreEvents rejects" time="0.012">
    </testcase>
  </testsuite>
  <testsuite name="InboxPage" errors="0" failures="0" skipped="0" timestamp="2026-05-16T18:27:07" time="0.284" tests="7">
    <testcase classname="InboxPage shows a loading state while threads are loading" name="InboxPage shows a loading state while threads are loading" time="0.009">
    </testcase>
    <testcase classname="InboxPage renders thread rows after fetch resolves" name="InboxPage renders thread rows after fetch resolves" time="0.039">
    </testcase>
    <testcase classname="InboxPage shows the empty-state message when there are no threads" name="InboxPage shows the empty-state message when there are no threads" time="0.009">
    </testcase>
    <testcase classname="InboxPage renders the compose form when ?compose=true&amp;to=...&amp;toUsername=... is in the URL" name="InboxPage renders the compose form when ?compose=true&amp;to=...&amp;toUsername=... is in the URL" time="0.013">
    </testcase>
    <testcase classname="InboxPage compose: typing and clicking Send calls createThread with the right args and navigates" name="InboxPage compose: typing and clicking Send calls createThread with the right args and navigates" time="0.034">
    </testcase>
    <testcase classname="InboxPage compose: Cancel button navigates back to /inbox without compose form" name="InboxPage compose: Cancel button navigates back to /inbox without compose form" time="0.018">
    </testcase>
    <testcase classname="InboxPage shows an error message when fetchThreads rejects" name="InboxPage shows an error message when fetchThreads rejects" time="0.004">
    </testcase>
  </testsuite>
  <testsuite name="ProfilePage" errors="0" failures="0" skipped="0" timestamp="2026-05-16T18:27:07" time="0.306" tests="9">
    <testcase classname="ProfilePage displays the current user info" name="ProfilePage displays the current user info" time="0.018">
    </testcase>
    <testcase classname="ProfilePage renders the ContactabilityToggle" name="ProfilePage renders the ContactabilityToggle" time="0.011">
    </testcase>
    <testcase classname="ProfilePage logs the user out when Log Out is clicked" name="ProfilePage logs the user out when Log Out is clicked" time="0.016">
    </testcase>
    <testcase classname="ProfilePage has a link back to onboarding to edit cultural preferences" name="ProfilePage has a link back to onboarding to edit cultural preferences" time="0.008">
    </testcase>
    <testcase classname="ProfilePage — my recipes / stories / bookmarks renders three section headings (My recipes, My stories, Saved recipes)" name="ProfilePage — my recipes / stories / bookmarks renders three section headings (My recipes, My stories, Saved recipes)" time="0.025">
    </testcase>
    <testcase classname="ProfilePage — my recipes / stories / bookmarks renders one card per recipe / story / bookmark with a link to detail" name="ProfilePage — my recipes / stories / bookmarks renders one card per recipe / story / bookmark with a link to detail" time="0.031">
    </testcase>
    <testcase classname="ProfilePage — my recipes / stories / bookmarks shows an empty-state hint when a section has no items" name="ProfilePage — my recipes / stories / bookmarks shows an empty-state hint when a section has no items" time="0.012">
    </testcase>
    <testcase classname="ProfilePage — my recipes / stories / bookmarks handles per-section fetch failures gracefully (other sections still render)" name="ProfilePage — my recipes / stories / bookmarks handles per-section fetch failures gracefully (other sections still render)" time="0.017">
    </testcase>
    <testcase classname="ProfilePage — edit link (#660) renders an &quot;Edit profile&quot; link pointing at /profile/edit" name="ProfilePage — edit link (#660) renders an &quot;Edit profile&quot; link pointing at /profile/edit" time="0.006">
    </testcase>
  </testsuite>
  <testsuite name="fetchExploreEvents" errors="0" failures="0" skipped="0" timestamp="2026-05-16T18:27:07" time="0.067" tests="9">
    <testcase classname="fetchExploreEvents GETs /api/recommendations/ with surface=explore" name="fetchExploreEvents GETs /api/recommendations/ with surface=explore" time="0.001">
    </testcase>
    <testcase classname="fetchExploreEvents groups results into a featured rail + region rails when multiple regions are present" name="fetchExploreEvents groups results into a featured rail + region rails when multiple regions are present" time="0">
    </testcase>
    <testcase classname="fetchExploreEvents caps duplicate authors within a rail at the configured limit" name="fetchExploreEvents caps duplicate authors within a rail at the configured limit" time="0">
    </testcase>
    <testcase classname="fetchExploreEvents falls back to type-based rails when no regions are present" name="fetchExploreEvents falls back to type-based rails when no regions are present" time="0.001">
    </testcase>
    <testcase classname="fetchExploreEvents returns an empty list when results are empty" name="fetchExploreEvents returns an empty list when results are empty" time="0">
    </testcase>
    <testcase classname="fetchEventDetail returns the matching region rail by id" name="fetchEventDetail returns the matching region rail by id" time="0.001">
    </testcase>
    <testcase classname="fetchEventDetail returns the legacy recipes bucket for id=recipes" name="fetchEventDetail returns the legacy recipes bucket for id=recipes" time="0">
    </testcase>
    <testcase classname="fetchEventDetail returns the Discover bucket for an unknown id" name="fetchEventDetail returns the Discover bucket for an unknown id" time="0.001">
    </testcase>
    <testcase classname="fetchEventDetail propagates API errors to the caller" name="fetchEventDetail propagates API errors to the caller" time="0.008">
    </testcase>
  </testsuite>
  <testsuite name="NotificationContext" errors="0" failures="0" skipped="0" timestamp="2026-05-16T18:27:07" time="0.419" tests="6">
    <testcase classname="NotificationContext without a token, does not fetch and starts with empty notifications" name="NotificationContext without a token, does not fetch and starts with empty notifications" time="0.024">
    </testcase>
    <testcase classname="NotificationContext with a token, fetches notifications and populates unreadCount" name="NotificationContext with a token, fetches notifications and populates unreadCount" time="0.057">
    </testcase>
    <testcase classname="NotificationContext markRead(id) marks the notification as read and decrements unreadCount" name="NotificationContext markRead(id) marks the notification as read and decrements unreadCount" time="0.066">
    </testcase>
    <testcase classname="NotificationContext markRead is a no-op when the notification is already read" name="NotificationContext markRead is a no-op when the notification is already read" time="0.057">
    </testcase>
    <testcase classname="NotificationContext markAllRead() calls the service and zeros unreadCount optimistically" name="NotificationContext markAllRead() calls the service and zeros unreadCount optimistically" time="0.058">
    </testcase>
    <testcase classname="NotificationContext sets error and clears loading when fetch rejects" name="NotificationContext sets error and clears loading when fetch rejects" time="0.055">
    </testcase>
  </testsuite>
  <testsuite name="undefined" errors="0" failures="0" skipped="0" timestamp="2026-05-16T18:27:07" time="0.175" tests="11">
    <testcase classname=" prompt is not visible before scroll" name=" prompt is not visible before scroll" time="0.007">
    </testcase>
    <testcase classname=" prompt appears after scrollY &gt; 300" name=" prompt appears after scrollY &gt; 300" time="0.002">
    </testcase>
    <testcase classname=" dismiss button hides prompt and sets sessionStorage" name=" dismiss button hides prompt and sets sessionStorage" time="0.005">
    </testcase>
    <testcase classname=" region chips are rendered in the balloon" name=" region chips are rendered in the balloon" time="0.001">
    </testcase>
    <testcase classname=" does not render when regions list is empty" name=" does not render when regions list is empty" time="0.001">
    </testcase>
    <testcase classname=" clicking a region chip opens the modal" name=" clicking a region chip opens the modal" time="0.009">
    </testcase>
    <testcase classname=" modal shows region name as header" name=" modal shows region name as header" time="0.013">
    </testcase>
    <testcase classname=" modal shows story card with Read story link" name=" modal shows story card with Read story link" time="0.016">
    </testcase>
    <testcase classname=" clicking backdrop closes modal" name=" clicking backdrop closes modal" time="0.007">
    </testcase>
    <testcase classname=" modal close button closes modal" name=" modal close button closes modal" time="0.008">
    </testcase>
    <testcase classname=" prompt does not appear when sessionStorage flag is already set" name=" prompt does not appear when sessionStorage flag is already set" time="0.001">
    </testcase>
  </testsuite>
  <testsuite name="MapPage" errors="0" failures="0" skipped="0" timestamp="2026-05-16T18:27:07" time="0.283" tests="5">
    <testcase classname="MapPage builds &quot;See all from {region}&quot; using region.name, not region.id" name="MapPage builds &quot;See all from {region}&quot; using region.name, not region.id" time="0.019">
    </testcase>
    <testcase classname="MapPage — recipe and story pins (#732) renders a pin per located recipe and per located story with distinct colours" name="MapPage — recipe and story pins (#732) renders a pin per located recipe and per located story with distinct colours" time="0.038">
    </testcase>
    <testcase classname="MapPage — recipe and story pins (#732) lists unlocated items in the &quot;Without a location&quot; panel" name="MapPage — recipe and story pins (#732) lists unlocated items in the &quot;Without a location&quot; panel" time="0.019">
    </testcase>
    <testcase classname="MapPage — recipe and story pins (#732) renders an explicit &quot;X recipes + Y stories on map · Z without a location&quot; count line" name="MapPage — recipe and story pins (#732) renders an explicit &quot;X recipes + Y stories on map · Z without a location&quot; count line" time="0.016">
    </testcase>
    <testcase classname="MapPage — recipe and story pins (#732) links recipe pins to /recipes/:id and story pins to /stories/:id" name="MapPage — recipe and story pins (#732) links recipe pins to /recipes/:id and story pins to /stories/:id" time="0.061">
    </testcase>
  </testsuite>
  <testsuite name="HeritageMapPage" errors="0" failures="0" skipped="0" timestamp="2026-05-16T18:27:07" time="0.889" tests="9">
    <testcase classname="HeritageMapPage centres the map on the top region (most recipes)" name="HeritageMapPage centres the map on the top region (most recipes)" time="0.017">
    </testcase>
    <testcase classname="HeritageMapPage renders one region pin per non-center region (no per-member duplicates)" name="HeritageMapPage renders one region pin per non-center region (no per-member duplicates)" time="0.01">
    </testcase>
    <testcase classname="HeritageMapPage renders one polyline per non-center region" name="HeritageMapPage renders one polyline per non-center region" time="0.006">
    </testcase>
    <testcase classname="HeritageMapPage renders no polylines for a single-region heritage" name="HeritageMapPage renders no polylines for a single-region heritage" time="0.012">
    </testcase>
    <testcase classname="HeritageMapPage clicking the center marker opens the panel for the center region" name="HeritageMapPage clicking the center marker opens the panel for the center region" time="0.102">
    </testcase>
    <testcase classname="HeritageMapPage clicking a region pin opens the panel for that region" name="HeritageMapPage clicking a region pin opens the panel for that region" time="0.033">
    </testcase>
    <testcase classname="HeritageMapPage panel shows placeholder text when no region is selected" name="HeritageMapPage panel shows placeholder text when no region is selected" time="0.008">
    </testcase>
    <testcase classname="HeritageMapPage links &quot;Back to Heritage Page&quot; to /heritage/:id" name="HeritageMapPage links &quot;Back to Heritage Page&quot; to /heritage/:id" time="0.008">
    </testcase>
    <testcase classname="HeritageMapPage shows an empty-state message when no members have coordinates" name="HeritageMapPage shows an empty-state message when no members have coordinates" time="0.015">
    </testcase>
  </testsuite>
  <testsuite name="RegisterPage" errors="0" failures="0" skipped="0" timestamp="2026-05-16T18:27:07" time="0.307" tests="7">
    <testcase classname="RegisterPage renders username, email, password fields and submit button" name="RegisterPage renders username, email, password fields and submit button" time="0.06">
    </testcase>
    <testcase classname="RegisterPage shows validation error when username is empty" name="RegisterPage shows validation error when username is empty" time="0.015">
    </testcase>
    <testcase classname="RegisterPage shows validation error when email is empty" name="RegisterPage shows validation error when email is empty" time="0.013">
    </testcase>
    <testcase classname="RegisterPage shows validation error when password is empty" name="RegisterPage shows validation error when password is empty" time="0.018">
    </testcase>
    <testcase classname="RegisterPage calls registerRequest and login() on valid submit" name="RegisterPage calls registerRequest and login() on valid submit" time="0.025">
    </testcase>
    <testcase classname="RegisterPage passes refresh token from register response to AuthContext.login()" name="RegisterPage passes refresh token from register response to AuthContext.login()" time="0.01">
    </testcase>
    <testcase classname="RegisterPage shows error message when registerRequest fails" name="RegisterPage shows error message when registerRequest fails" time="0.022">
    </testcase>
  </testsuite>
  <testsuite name="fetchModerationQueue" errors="0" failures="0" skipped="0" timestamp="2026-05-16T18:27:08" time="0.105" tests="8">
[...]
    </testcase>
    <testcase classname="CultureGrid detail panel shows recipes_tried value" name="CultureGrid detail panel shows recipes_tried value" time="0.015">
    </testcase>
    <testcase classname="CultureGrid close button hides the detail panel" name="CultureGrid close button hides the detail panel" time="0.04">
    </testcase>
    <testcase classname="CultureGrid clicking same card twice closes the panel" name="CultureGrid clicking same card twice closes the panel" time="0.039">
    </testcase>
  </testsuite>
  <testsuite name="HeritageJourneySection" errors="0" failures="0" skipped="0" timestamp="2026-05-16T18:27:09" time="0.13" tests="5">
    <testcase classname="HeritageJourneySection renders nothing when steps is empty" name="HeritageJourneySection renders nothing when steps is empty" time="0.001">
    </testcase>
    <testcase classname="HeritageJourneySection renders nothing when steps is undefined" name="HeritageJourneySection renders nothing when steps is undefined" time="0">
    </testcase>
    <testcase classname="HeritageJourneySection renders one card per step with location, story, era" name="HeritageJourneySection renders one card per step with location, story, era" time="0.034">
    </testcase>
    <testcase classname="HeritageJourneySection sorts steps by order ascending regardless of input order" name="HeritageJourneySection sorts steps by order ascending regardless of input order" time="0.008">
    </testcase>
    <testcase classname="HeritageJourneySection does not render an era badge when era is empty" name="HeritageJourneySection does not render an era badge when era is empty" time="0.008">
    </testcase>
  </testsuite>
  <testsuite name="ContactabilityToggle" errors="0" failures="0" skipped="0" timestamp="2026-05-16T18:27:09" time="0.185" tests="3">
    <testcase classname="ContactabilityToggle renders enabled state from user profile" name="ContactabilityToggle renders enabled state from user profile" time="0.029">
    </testcase>
    <testcase classname="ContactabilityToggle updates preference and notifies parent on toggle" name="ContactabilityToggle updates preference and notifies parent on toggle" time="0.048">
    </testcase>
    <testcase classname="ContactabilityToggle rolls back UI state on failure" name="ContactabilityToggle rolls back UI state on failure" time="0.007">
    </testcase>
  </testsuite>
  <testsuite name="useKeyboardShortcuts" errors="0" failures="0" skipped="0" timestamp="2026-05-16T18:27:09" time="0.126" tests="5">
    <testcase classname="useKeyboardShortcuts invokes the registered handler when its key is pressed" name="useKeyboardShortcuts invokes the registered handler when its key is pressed" time="0.008">
    </testcase>
    <testcase classname="useKeyboardShortcuts does not call any handler for an unregistered key" name="useKeyboardShortcuts does not call any handler for an unregistered key" time="0.001">
    </testcase>
    <testcase classname="useKeyboardShortcuts ignores keydown events while focus is inside an input" name="useKeyboardShortcuts ignores keydown events while focus is inside an input" time="0.001">
    </testcase>
    <testcase classname="useKeyboardShortcuts removes the keydown listener on unmount" name="useKeyboardShortcuts removes the keydown listener on unmount" time="0.001">
    </testcase>
    <testcase classname="useKeyboardShortcuts routes different keys to their respective handlers" name="useKeyboardShortcuts routes different keys to their respective handlers" time="0">
    </testcase>
  </testsuite>
  <testsuite name="fetchHeritageGroups" errors="0" failures="0" skipped="0" timestamp="2026-05-16T18:27:09" time="0.092" tests="5">
    <testcase classname="fetchHeritageGroups calls GET /api/heritage-groups/" name="fetchHeritageGroups calls GET /api/heritage-groups/" time="0">
    </testcase>
    <testcase classname="fetchHeritageGroups unwraps a paginated DRF response" name="fetchHeritageGroups unwraps a paginated DRF response" time="0.001">
    </testcase>
    <testcase classname="fetchHeritageGroups propagates API errors to the caller" name="fetchHeritageGroups propagates API errors to the caller" time="0.004">
    </testcase>
    <testcase classname="fetchHeritageGroup calls GET /api/heritage-groups/:id/" name="fetchHeritageGroup calls GET /api/heritage-groups/:id/" time="0.001">
    </testcase>
    <testcase classname="fetchHeritageGroup propagates API errors to the caller" name="fetchHeritageGroup propagates API errors to the caller" time="0.001">
    </testcase>
  </testsuite>
  <testsuite name="fetchSubstitutes" errors="0" failures="0" skipped="0" timestamp="2026-05-16T18:27:09" time="0.094" tests="3">
    <testcase classname="fetchSubstitutes flattens the grouped backend response and tags each item match_type with its group" name="fetchSubstitutes flattens the grouped backend response and tags each item match_type with its group" time="0.002">
    </testcase>
    <testcase classname="fetchSubstitutes returns a legacy array response unchanged" name="fetchSubstitutes returns a legacy array response unchanged" time="0.001">
    </testcase>
    <testcase classname="fetchSubstitutes propagates API errors to the caller" name="fetchSubstitutes propagates API errors to the caller" time="0.009">
    </testcase>
  </testsuite>
  <testsuite name="PassportStatsBar" errors="0" failures="0" skipped="0" timestamp="2026-05-16T18:27:09" time="0.161" tests="5">
    <testcase classname="PassportStatsBar renders skeleton without crashing when stats is null" name="PassportStatsBar renders skeleton without crashing when stats is null" time="0.002">
    </testcase>
    <testcase classname="PassportStatsBar renders all 4 metric values from stats" name="PassportStatsBar renders all 4 metric values from stats" time="0.009">
    </testcase>
    <testcase classname="PassportStatsBar renders level badge with correct level class" name="PassportStatsBar renders level badge with correct level class" time="0.001">
    </testcase>
    <testcase classname="PassportStatsBar renders level 1 badge with bronze class" name="PassportStatsBar renders level 1 badge with bronze class" time="0.001">
    </testcase>
    <testcase classname="PassportStatsBar renders zero values without crashing" name="PassportStatsBar renders zero values without crashing" time="0.001">
    </testcase>
  </testsuite>
  <testsuite name="checkOffService" errors="0" failures="0" skipped="0" timestamp="2026-05-16T18:27:09" time="0.06" tests="3">
    <testcase classname="checkOffService fetchCheckedIngredients GETs the canonical list" name="checkOffService fetchCheckedIngredients GETs the canonical list" time="0.001">
    </testcase>
    <testcase classname="checkOffService toggleCheckedIngredient POSTs {ingredient_id, checked} and returns the canonical list" name="checkOffService toggleCheckedIngredient POSTs {ingredient_id, checked} and returns the canonical list" time="0">
    </testcase>
    <testcase classname="checkOffService propagates errors from the underlying request" name="checkOffService propagates errors from the underlying request" time="0.003">
    </testcase>
  </testsuite>
  <testsuite name="CulturalFactCard" errors="0" failures="0" skipped="0" timestamp="2026-05-16T18:27:09" time="0.106" tests="4">
    <testcase classname="CulturalFactCard renders the fact text and the bulb header" name="CulturalFactCard renders the fact text and the bulb header" time="0.005">
    </testcase>
    <testcase classname="CulturalFactCard renders a source link with the source URL" name="CulturalFactCard renders a source link with the source URL" time="0.017">
    </testcase>
    <testcase classname="CulturalFactCard omits the source link when source_url is empty" name="CulturalFactCard omits the source link when source_url is empty" time="0.002">
    </testcase>
    <testcase classname="CulturalFactCard renders nothing when fact is falsy" name="CulturalFactCard renders nothing when fact is falsy" time="0.001">
    </testcase>
  </testsuite>
  <testsuite name="DraftRestoreBanner" errors="0" failures="0" skipped="0" timestamp="2026-05-16T18:27:09" time="0.126" tests="4">
    <testcase classname="DraftRestoreBanner renders nothing when draft is null" name="DraftRestoreBanner renders nothing when draft is null" time="0.007">
    </testcase>
    <testcase classname="DraftRestoreBanner renders the banner when draft is provided" name="DraftRestoreBanner renders the banner when draft is provided" time="0.004">
    </testcase>
    <testcase classname="DraftRestoreBanner calls onRestore with the draft when Restore is clicked" name="DraftRestoreBanner calls onRestore with the draft when Restore is clicked" time="0.012">
    </testcase>
    <testcase classname="DraftRestoreBanner calls onDiscard when Discard is clicked" name="DraftRestoreBanner calls onDiscard when Discard is clicked" time="0.003">
    </testcase>
  </testsuite>
  <testsuite name="RandomCulturalFact" errors="0" failures="0" skipped="0" timestamp="2026-05-16T18:27:09" time="0.157" tests="3">
    <testcase classname="RandomCulturalFact renders the fact text when the service returns a fact" name="RandomCulturalFact renders the fact text when the service returns a fact" time="0.009">
    </testcase>
    <testcase classname="RandomCulturalFact renders nothing when the service returns null (no facts)" name="RandomCulturalFact renders nothing when the service returns null (no facts)" time="0.004">
    </testcase>
    <testcase classname="RandomCulturalFact renders nothing when the service throws" name="RandomCulturalFact renders nothing when the service throws" time="0.004">
    </testcase>
  </testsuite>
  <testsuite name="Avatar" errors="0" failures="0" skipped="0" timestamp="2026-05-16T18:27:09" time="0.11" tests="5">
    <testcase classname="Avatar renders the username initial when no profile_picture is set" name="Avatar renders the username initial when no profile_picture is set" time="0.006">
    </testcase>
    <testcase classname="Avatar renders ? when there is no user" name="Avatar renders ? when there is no user" time="0.001">
    </testcase>
    <testcase classname="Avatar renders an &lt;img&gt; when profile_picture is present" name="Avatar renders an &lt;img&gt; when profile_picture is present" time="0.008">
    </testcase>
    <testcase classname="Avatar falls back to initials when the image fails to load" name="Avatar falls back to initials when the image fails to load" time="0.001">
    </testcase>
    <testcase classname="Avatar applies the size variant class" name="Avatar applies the size variant class" time="0.001">
    </testcase>
  </testsuite>
  <testsuite name="ProtectedRoute" errors="0" failures="0" skipped="0" timestamp="2026-05-16T18:27:09" time="0.167" tests="2">
    <testcase classname="ProtectedRoute renders children when user is authenticated" name="ProtectedRoute renders children when user is authenticated" time="0.009">
    </testcase>
    <testcase classname="ProtectedRoute redirects to /login when user is not authenticated" name="ProtectedRoute redirects to /login when user is not authenticated" time="0.009">
    </testcase>
  </testsuite>
  <testsuite name="AppBackground" errors="0" failures="0" skipped="0" timestamp="2026-05-16T18:27:09" time="0.07" tests="2">
    <testcase classname="AppBackground renders the grid layer and the overlay layer" name="AppBackground renders the grid layer and the overlay layer" time="0.002">
    </testcase>
    <testcase classname="AppBackground marks both layers as aria-hidden so the grid does not pollute the a11y tree" name="AppBackground marks both layers as aria-hidden so the grid does not pollute the a11y tree" time="0.001">
    </testcase>
  </testsuite>
  <testsuite name="HeritageBadge" errors="0" failures="0" skipped="0" timestamp="2026-05-16T18:27:09" time="0.109" tests="4">
    <testcase classname="HeritageBadge renders nothing when group is null" name="HeritageBadge renders nothing when group is null" time="0.002">
    </testcase>
    <testcase classname="HeritageBadge renders nothing when group is undefined" name="HeritageBadge renders nothing when group is undefined" time="0.003">
    </testcase>
    <testcase classname="HeritageBadge renders the heritage name with the building icon" name="HeritageBadge renders the heritage name with the building icon" time="0.005">
    </testcase>
    <testcase classname="HeritageBadge links to /heritage/:id" name="HeritageBadge links to /heritage/:id" time="0.005">
    </testcase>
  </testsuite>
  <testsuite name="EventDetailPage" errors="0" failures="0" skipped="0" timestamp="2026-05-16T18:27:09" time="0.125" tests="1">
    <testcase classname="EventDetailPage shows a not-found panel when the event is missing" name="EventDetailPage shows a not-found panel when the event is missing" time="0.016">
    </testcase>
  </testsuite>
  <testsuite name="Toast" errors="0" failures="0" skipped="0" timestamp="2026-05-16T18:27:09" time="0.12" tests="3">
    <testcase classname="Toast renders success message" name="Toast renders success message" time="0.017">
    </testcase>
    <testcase classname="Toast renders error message" name="Toast renders error message" time="0.001">
    </testcase>
    <testcase classname="Toast renders nothing when message is empty" name="Toast renders nothing when message is empty" time="0.001">
    </testcase>
  </testsuite>
  <testsuite name="submitFeedback (#876 stub)" errors="0" failures="0" skipped="0" timestamp="2026-05-16T18:27:09" time="0.054" tests="2">
    <testcase classname="submitFeedback (#876 stub) resolves with { message } so consumers can chain" name="submitFeedback (#876 stub) resolves with { message } so consumers can chain" time="0">
    </testcase>
    <testcase classname="submitFeedback (#876 stub) rejects when message is blank after trim" name="submitFeedback (#876 stub) rejects when message is blank after trim" time="0.004">
    </testcase>
  </testsuite>
  <testsuite name="NotFoundPage" errors="0" failures="0" skipped="0" timestamp="2026-05-16T18:27:09" time="0.107" tests="3">
    <testcase classname="NotFoundPage displays a 404 heading" name="NotFoundPage displays a 404 heading" time="0.007">
    </testcase>
    <testcase classname="NotFoundPage displays an explanatory message" name="NotFoundPage displays an explanatory message" time="0.008">
    </testcase>
    <testcase classname="NotFoundPage provides a link back to home" name="NotFoundPage provides a link back to home" time="0.003">
    </testcase>
  </testsuite>
  <testsuite name="SkipLink" errors="0" failures="0" skipped="0" timestamp="2026-05-16T18:27:09" time="0.103" tests="3">
    <testcase classname="SkipLink renders an anchor with href=&quot;#main-content&quot;" name="SkipLink renders an anchor with href=&quot;#main-content&quot;" time="0.007">
    </testcase>
    <testcase classname="SkipLink shows the accessible &quot;Skip to main content&quot; text" name="SkipLink shows the accessible &quot;Skip to main content&quot; text" time="0.003">
    </testcase>
    <testcase classname="SkipLink has the skip-link class for off-screen styling" name="SkipLink has the skip-link class for off-screen styling" time="0.002">
    </testcase>
  </testsuite>
  <testsuite name="HomeClosingBanner" errors="0" failures="0" skipped="0" timestamp="2026-05-16T18:27:09" time="0.099" tests="1">
    <testcase classname="HomeClosingBanner renders a region with the brand sentence about sharing cultures" name="HomeClosingBanner renders a region with the brand sentence about sharing cultures" time="0.005">
    </testcase>
  </testsuite>
  <testsuite name="PassportMap" errors="0" failures="0" skipped="0" timestamp="2026-05-16T18:27:09" time="0.536" tests="5">
    <testcase classname="PassportMap renders without crashing when cultures is null" name="PassportMap renders without crashing when cultures is null" time="0.108">
    </testcase>
    <testcase classname="PassportMap renders without crashing when cultures is undefined" name="PassportMap renders without crashing when cultures is undefined" time="0.151">
    </testcase>
    <testcase classname="PassportMap renders without crashing when cultures is empty" name="PassportMap renders without crashing when cultures is empty" time="0.037">
    </testcase>
    <testcase classname="PassportMap renders without crashing on the canonical backend culture shape (no `name`)" name="PassportMap renders without crashing on the canonical backend culture shape (no `name`)" time="0.034">
    </testcase>
    <testcase classname="PassportMap drops cultures with no usable name without throwing" name="PassportMap drops cultures with no usable name without throwing" time="0.032">
    </testcase>
  </testsuite>
  <testsuite name="Public routes (unauthenticated)" errors="0" failures="0" skipped="0" timestamp="2026-05-16T18:27:08" time="1.439" tests="15">
    <testcase classname="Public routes (unauthenticated) / renders Home page" name="Public routes (unauthenticated) / renders Home page" time="0.117">
    </testcase>
    <testcase classname="Public routes (unauthenticated) /login renders Login page" name="Public routes (unauthenticated) /login renders Login page" time="0.028">
    </testcase>
    <testcase classname="Public routes (unauthenticated) /register renders Register page" name="Public routes (unauthenticated) /register renders Register page" time="0.026">
    </testcase>
    <testcase classname="Public routes (unauthenticated) /search renders Search page" name="Public routes (unauthenticated) /search renders Search page" time="0.03">
    </testcase>
    <testcase classname="Public routes (unauthenticated) /recipes/1 renders RecipeDetail page" name="Public routes (unauthenticated) /recipes/1 renders RecipeDetail page" time="0.024">
    </testcase>
    <testcase classname="Public routes (unauthenticated) /stories/1 renders StoryDetail page" name="Public routes (unauthenticated) /stories/1 renders StoryDetail page" time="0.021">
    </testcase>
    <testcase classname="Public routes (unauthenticated) /heritage/1 renders HeritagePage (loading first)" name="Public routes (unauthenticated) /heritage/1 renders HeritagePage (loading first)" time="0.023">
    </testcase>
    <testcase classname="Public routes (unauthenticated) /heritage/1/map renders HeritageMapPage (loading first)" name="Public routes (unauthenticated) /heritage/1/map renders HeritageMapPage (loading first)" time="0.021">
    </testcase>
    <testcase classname="Public routes (unauthenticated) /calendar renders CalendarPage" name="Public routes (unauthenticated) /calendar renders CalendarPage" time="0.03">
    </testcase>
    <testcase classname="Protected routes (unauthenticated) /recipes/new redirects to /login" name="Protected routes (unauthenticated) /recipes/new redirects to /login" time="0.024">
    </testcase>
    <testcase classname="Protected routes (unauthenticated) /stories/new redirects to /login" name="Protected routes (unauthenticated) /stories/new redirects to /login" time="0.022">
    </testcase>
    <testcase classname="Protected routes (unauthenticated) /onboarding redirects to /login" name="Protected routes (unauthenticated) /onboarding redirects to /login" time="0.022">
    </testcase>
    <testcase classname="Protected routes (authenticated) /recipes/new renders RecipeCreate page when authenticated" name="Protected routes (authenticated) /recipes/new renders RecipeCreate page when authenticated" time="0.031">
    </testcase>
    <testcase classname="Protected routes (authenticated) /stories/new renders StoryCreate page when authenticated" name="Protected routes (authenticated) /stories/new renders StoryCreate page when authenticated" time="0.026">
    </testcase>
    <testcase classname="Protected routes (authenticated) /onboarding renders Cultural Onboarding page when authenticated" name="Protected routes (authenticated) /onboarding renders Cultural Onboarding page when authenticated" time="0.025">
    </testcase>
  </testsuite>
</testsuites>